..\..\3dptv.ilk
..\..\3dptv.pdb
C:\PTV\3DPTV.EXE
C:\PTV\3DPTV.ILK
C:\PTV\3DPTV.PDB
C:\PTV\3dptv_vc2010\3dptv_vc2010\..\..\3dptv.exe
C:\PTV\3DPTV_VC2010\3DPTV_VC2010\DEBUG\3DPTV.EXE.EMBED.MANIFEST
C:\PTV\3DPTV_VC2010\3DPTV_VC2010\DEBUG\3DPTV.EXE.EMBED.MANIFEST.RES
C:\PTV\3DPTV_VC2010\3DPTV_VC2010\DEBUG\3DPTV.EXE.INTERMEDIATE.MANIFEST
C:\PTV\3dptv_vc2010\3dptv_vc2010\Debug\3dptv_manifest.rc
C:\PTV\3dptv_vc2010\3dptv_vc2010\Debug\3dptv_vc2010.vcxprojResolveAssemblyReference.cache
C:\PTV\3dptv_vc2010\3dptv_vc2010\Debug\3dptv_vc2010.write.1.tlog
C:\PTV\3DPTV_VC2010\3DPTV_VC2010\DEBUG\CHANGE_PARAMETER.OBJ
C:\PTV\3DPTV_VC2010\3DPTV_VC2010\DEBUG\CHECKPOINTS.OBJ
C:\PTV\3dptv_vc2010\3dptv_vc2010\Debug\cl.command.1.tlog
C:\PTV\3dptv_vc2010\3dptv_vc2010\Debug\CL.read.1.tlog
C:\PTV\3dptv_vc2010\3dptv_vc2010\Debug\CL.write.1.tlog
C:\PTV\3DPTV_VC2010\3DPTV_VC2010\DEBUG\CORRESPONDENCES.OBJ
C:\PTV\3DPTV_VC2010\3DPTV_VC2010\DEBUG\DEMO.OBJ
C:\PTV\3DPTV_VC2010\3DPTV_VC2010\DEBUG\DRAW.OBJ
C:\PTV\3DPTV_VC2010\3DPTV_VC2010\DEBUG\EPI.OBJ
C:\PTV\3DPTV_VC2010\3DPTV_VC2010\DEBUG\IMAGE_PROCESSING.OBJ
C:\PTV\3DPTV_VC2010\3DPTV_VC2010\DEBUG\IMGCOORD.OBJ
C:\PTV\3DPTV_VC2010\3DPTV_VC2010\DEBUG\INTERSECT.OBJ
C:\PTV\3DPTV_VC2010\3DPTV_VC2010\DEBUG\JW_IMGFMTTIF.OBJ
C:\PTV\3DPTV_VC2010\3DPTV_VC2010\DEBUG\JW_MAIN.OBJ
C:\PTV\3DPTV_VC2010\3DPTV_VC2010\DEBUG\JW_PTV.OBJ
C:\PTV\3dptv_vc2010\3dptv_vc2010\Debug\link.1360.read.1.tlog
C:\PTV\3dptv_vc2010\3dptv_vc2010\Debug\link.1360.write.1.tlog
C:\PTV\3dptv_vc2010\3dptv_vc2010\Debug\link.1360-cvtres.read.1.tlog
C:\PTV\3dptv_vc2010\3dptv_vc2010\Debug\link.1360-cvtres.write.1.tlog
C:\PTV\3dptv_vc2010\3dptv_vc2010\Debug\link.2496.read.1.tlog
C:\PTV\3dptv_vc2010\3dptv_vc2010\Debug\link.2496.write.1.tlog
C:\PTV\3dptv_vc2010\3dptv_vc2010\Debug\link.2496-cvtres.read.1.tlog
C:\PTV\3dptv_vc2010\3dptv_vc2010\Debug\link.2496-cvtres.write.1.tlog
C:\PTV\3dptv_vc2010\3dptv_vc2010\Debug\link.command.1.tlog
C:\PTV\3dptv_vc2010\3dptv_vc2010\Debug\link.read.1.tlog
C:\PTV\3dptv_vc2010\3dptv_vc2010\Debug\link.write.1.tlog
C:\PTV\3dptv_vc2010\3dptv_vc2010\Debug\link-cvtres.read.1.tlog
C:\PTV\3dptv_vc2010\3dptv_vc2010\Debug\link-cvtres.write.1.tlog
C:\PTV\3DPTV_VC2010\3DPTV_VC2010\DEBUG\LSQADJ.OBJ
C:\PTV\3DPTV_VC2010\3DPTV_VC2010\DEBUG\MOUSEFUNCTION.OBJ
C:\PTV\3dptv_vc2010\3dptv_vc2010\Debug\mt.command.1.tlog
C:\PTV\3dptv_vc2010\3dptv_vc2010\Debug\mt.read.1.tlog
C:\PTV\3dptv_vc2010\3dptv_vc2010\Debug\mt.write.1.tlog
C:\PTV\3DPTV_VC2010\3DPTV_VC2010\DEBUG\MULTIMED.OBJ
C:\PTV\3DPTV_VC2010\3DPTV_VC2010\DEBUG\ORIENTATION.OBJ
C:\PTV\3DPTV_VC2010\3DPTV_VC2010\DEBUG\PEAKFITTING.OBJ
C:\PTV\3DPTV_VC2010\3DPTV_VC2010\DEBUG\POINTPOS.OBJ
C:\PTV\3DPTV_VC2010\3DPTV_VC2010\DEBUG\PTV.OBJ
C:\PTV\3DPTV_VC2010\3DPTV_VC2010\DEBUG\RAY_TRACING.OBJ
C:\PTV\3dptv_vc2010\3dptv_vc2010\Debug\rc.command.1.tlog
C:\PTV\3dptv_vc2010\3dptv_vc2010\Debug\rc.read.1.tlog
C:\PTV\3dptv_vc2010\3dptv_vc2010\Debug\rc.write.1.tlog
C:\PTV\3DPTV_VC2010\3DPTV_VC2010\DEBUG\ROTATION.OBJ
C:\PTV\3DPTV_VC2010\3DPTV_VC2010\DEBUG\SEGMENTATION.OBJ
C:\PTV\3DPTV_VC2010\3DPTV_VC2010\DEBUG\SORTGRID.OBJ
C:\PTV\3DPTV_VC2010\3DPTV_VC2010\DEBUG\TOOLS.OBJ
C:\PTV\3DPTV_VC2010\3DPTV_VC2010\DEBUG\TRACK.OBJ
C:\PTV\3DPTV_VC2010\3DPTV_VC2010\DEBUG\TRAFO.OBJ
C:\PTV\3DPTV_VC2010\3DPTV_VC2010\DEBUG\TTOOLS.OBJ
C:\PTV\3dptv_vc2010\3dptv_vc2010\Debug\vc100.idb
C:\PTV\3DPTV_VC2010\3DPTV_VC2010\DEBUG\VC100.PDB
C:\PTV\3DPTV_VC2010\3DPTV_VC2010\DEBUG\VRML.OBJ
